🔍 Monitoring sprite generation...
   Expected total: 437 frames
   Checking every 30 seconds
   Press Ctrl+C to stop monitoring

[14:39:04] Progress: 26/437 (5%) - 411 remaining
[14:39:34] Progress: 26/437 (5%) - 411 remaining
[14:40:04] Progress: 26/437 (5%) - 411 remaining
[14:40:34] Progress: 26/437 (5%) - 411 remaining
[14:41:04] Progress: 26/437 (5%) - 411 remaining
[14:41:34] Progress: 26/437 (5%) - 411 remaining
[14:42:04] Progress: 26/437 (5%) - 411 remaining
[14:42:34] Progress: 26/437 (5%) - 411 remaining
[14:43:04] Progress: 26/437 (5%) - 411 remaining
[14:43:34] Progress: 26/437 (5%) - 411 remaining
[14:44:04] Progress: 26/437 (5%) - 411 remaining
[14:44:34] Progress: 26/437 (5%) - 411 remaining
[14:45:04] Progress: 26/437 (5%) - 411 remaining
[14:45:34] Progress: 26/437 (5%) - 411 remaining
[14:46:04] Progress: 26/437 (5%) - 411 remaining
[14:46:35] Progress: 26/437 (5%) - 411 remaining
[14:47:05] Progress: 26/437 (5%) - 411 remaining
[14:47:35] Progress: 26/437 (5%) - 411 remaining
[14:48:05] Progress: 26/437 (5%) - 411 remaining
[14:48:35] Progress: 26/437 (5%) - 411 remaining
[14:49:05] Progress: 26/437 (5%) - 411 remaining
[14:49:35] Progress: 26/437 (5%) - 411 remaining
[14:50:05] Progress: 26/437 (5%) - 411 remaining
[14:50:35] Progress: 26/437 (5%) - 411 remaining
[14:51:05] Progress: 26/437 (5%) - 411 remaining
[14:51:35] Progress: 26/437 (5%) - 411 remaining
[14:52:05] Progress: 26/437 (5%) - 411 remaining
[14:52:35] Progress: 26/437 (5%) - 411 remaining
[14:53:05] Progress: 26/437 (5%) - 411 remaining
[14:53:35] Progress: 26/437 (5%) - 411 remaining
[14:54:05] Progress: 26/437 (5%) - 411 remaining
[14:54:35] Progress: 26/437 (5%) - 411 remaining
[14:55:05] Progress: 26/437 (5%) - 411 remaining
[14:55:35] Progress: 26/437 (5%) - 411 remaining
[14:56:05] Progress: 26/437 (5%) - 411 remaining
[14:56:35] Progress: 26/437 (5%) - 411 remaining
[14:57:05] Progress: 26/437 (5%) - 411 remaining
[14:57:35] Progress: 26/437 (5%) - 411 remaining
[14:58:05] Progress: 26/437 (5%) - 411 remaining
[14:58:35] Progress: 26/437 (5%) - 411 remaining
[14:59:05] Progress: 26/437 (5%) - 411 remaining
[14:59:35] Progress: 26/437 (5%) - 411 remaining
[15:00:05] Progress: 26/437 (5%) - 411 remaining
[15:00:35] Progress: 26/437 (5%) - 411 remaining
[15:01:05] Progress: 26/437 (5%) - 411 remaining
[15:01:35] Progress: 26/437 (5%) - 411 remaining
[15:02:05] Progress: 26/437 (5%) - 411 remaining
[15:02:35] Progress: 26/437 (5%) - 411 remaining
[15:03:06] Progress: 26/437 (5%) - 411 remaining
[15:03:36] Progress: 26/437 (5%) - 411 remaining
[15:04:06] Progress: 26/437 (5%) - 411 remaining
[15:04:36] Progress: 26/437 (5%) - 411 remaining
[15:05:06] Progress: 26/437 (5%) - 411 remaining
[15:05:36] Progress: 26/437 (5%) - 411 remaining
[15:06:06] Progress: 26/437 (5%) - 411 remaining
[15:06:36] Progress: 26/437 (5%) - 411 remaining
[15:07:06] Progress: 26/437 (5%) - 411 remaining
[15:07:36] Progress: 26/437 (5%) - 411 remaining
[15:08:06] Progress: 26/437 (5%) - 411 remaining
[15:08:36] Progress: 26/437 (5%) - 411 remaining
[15:09:06] Progress: 26/437 (5%) - 411 remaining
[15:09:36] Progress: 26/437 (5%) - 411 remaining
[15:10:06] Progress: 26/437 (5%) - 411 remaining
[15:10:36] Progress: 26/437 (5%) - 411 remaining
[15:11:06] Progress: 26/437 (5%) - 411 remaining
[15:11:36] Progress: 26/437 (5%) - 411 remaining
[15:12:06] Progress: 26/437 (5%) - 411 remaining
[15:12:36] Progress: 26/437 (5%) - 411 remaining
[15:13:06] Progress: 26/437 (5%) - 411 remaining
[15:13:36] Progress: 26/437 (5%) - 411 remaining
[15:14:06] Progress: 26/437 (5%) - 411 remaining
[15:14:36] Progress: 26/437 (5%) - 411 remaining
[15:15:06] Progress: 26/437 (5%) - 411 remaining
[15:15:36] Progress: 26/437 (5%) - 411 remaining
[15:16:06] Progress: 26/437 (5%) - 411 remaining
[15:16:36] Progress: 26/437 (5%) - 411 remaining
[15:17:07] Progress: 26/437 (5%) - 411 remaining
[15:17:37] Progress: 26/437 (5%) - 411 remaining
[15:18:07] Progress: 26/437 (5%) - 411 remaining
[15:18:37] Progress: 26/437 (5%) - 411 remaining
[15:19:07] Progress: 26/437 (5%) - 411 remaining
[15:19:37] Progress: 26/437 (5%) - 411 remaining
[15:20:07] Progress: 26/437 (5%) - 411 remaining
[15:20:37] Progress: 26/437 (5%) - 411 remaining
[15:21:07] Progress: 26/437 (5%) - 411 remaining
[15:21:37] Progress: 26/437 (5%) - 411 remaining
[15:22:07] Progress: 26/437 (5%) - 411 remaining
[15:22:37] Progress: 26/437 (5%) - 411 remaining
[15:23:07] Progress: 26/437 (5%) - 411 remaining
[15:23:37] Progress: 26/437 (5%) - 411 remaining
[15:24:07] Progress: 26/437 (5%) - 411 remaining
[15:24:37] Progress: 26/437 (5%) - 411 remaining
[15:25:07] Progress: 26/437 (5%) - 411 remaining
[15:25:37] Progress: 26/437 (5%) - 411 remaining
[15:26:07] Progress: 26/437 (5%) - 411 remaining
[15:26:37] Progress: 26/437 (5%) - 411 remaining
[15:27:07] Progress: 26/437 (5%) - 411 remaining
[15:27:37] Progress: 26/437 (5%) - 411 remaining
[15:28:07] Progress: 26/437 (5%) - 411 remaining
[15:28:37] Progress: 26/437 (5%) - 411 remaining
[15:29:07] Progress: 26/437 (5%) - 411 remaining
[15:29:37] Progress: 26/437 (5%) - 411 remaining
[15:30:07] Progress: 26/437 (5%) - 411 remaining
[15:30:37] Progress: 26/437 (5%) - 411 remaining
[15:31:07] Progress: 26/437 (5%) - 411 remaining
[15:31:37] Progress: 26/437 (5%) - 411 remaining
[15:32:08] Progress: 26/437 (5%) - 411 remaining
[15:32:38] Progress: 26/437 (5%) - 411 remaining
[15:33:08] Progress: 26/437 (5%) - 411 remaining
[15:33:38] Progress: 26/437 (5%) - 411 remaining
[15:34:08] Progress: 26/437 (5%) - 411 remaining
[15:34:38] Progress: 26/437 (5%) - 411 remaining
[15:35:08] Progress: 26/437 (5%) - 411 remaining
[15:35:38] Progress: 26/437 (5%) - 411 remaining
[15:36:08] Progress: 26/437 (5%) - 411 remaining
[15:36:38] Progress: 26/437 (5%) - 411 remaining
[15:37:08] Progress: 26/437 (5%) - 411 remaining
[15:37:38] Progress: 26/437 (5%) - 411 remaining
[15:38:08] Progress: 26/437 (5%) - 411 remaining
[15:38:38] Progress: 26/437 (5%) - 411 remaining
[15:39:08] Progress: 26/437 (5%) - 411 remaining
[15:39:38] Progress: 26/437 (5%) - 411 remaining
[15:40:08] Progress: 26/437 (5%) - 411 remaining
[15:40:38] Progress: 26/437 (5%) - 411 remaining
[15:41:08] Progress: 26/437 (5%) - 411 remaining
[15:41:38] Progress: 26/437 (5%) - 411 remaining
[15:42:08] Progress: 26/437 (5%) - 411 remaining
[15:42:38] Progress: 26/437 (5%) - 411 remaining
[15:43:08] Progress: 26/437 (5%) - 411 remaining
[15:43:38] Progress: 26/437 (5%) - 411 remaining
[15:44:08] Progress: 26/437 (5%) - 411 remaining
[15:44:38] Progress: 26/437 (5%) - 411 remaining
[15:45:08] Progress: 26/437 (5%) - 411 remaining
[15:45:39] Progress: 26/437 (5%) - 411 remaining
[15:46:09] Progress: 26/437 (5%) - 411 remaining
[15:46:39] Progress: 26/437 (5%) - 411 remaining
[15:47:09] Progress: 26/437 (5%) - 411 remaining
[15:47:39] Progress: 26/437 (5%) - 411 remaining
[15:48:09] Progress: 26/437 (5%) - 411 remaining
[15:48:39] Progress: 26/437 (5%) - 411 remaining
[15:49:09] Progress: 26/437 (5%) - 411 remaining
[15:49:39] Progress: 26/437 (5%) - 411 remaining
[15:50:09] Progress: 26/437 (5%) - 411 remaining
[15:50:39] Progress: 26/437 (5%) - 411 remaining
[15:51:09] Progress: 26/437 (5%) - 411 remaining
[15:51:39] Progress: 26/437 (5%) - 411 remaining
[15:52:09] Progress: 26/437 (5%) - 411 remaining
[15:52:39] Progress: 26/437 (5%) - 411 remaining
[15:53:09] Progress: 26/437 (5%) - 411 remaining
[15:53:39] Progress: 26/437 (5%) - 411 remaining
[15:54:09] Progress: 26/437 (5%) - 411 remaining
[15:54:39] Progress: 26/437 (5%) - 411 remaining
[15:55:09] Progress: 26/437 (5%) - 411 remaining
[15:55:39] Progress: 26/437 (5%) - 411 remaining
[15:56:09] Progress: 26/437 (5%) - 411 remaining
[15:56:39] Progress: 26/437 (5%) - 411 remaining
[15:57:09] Progress: 26/437 (5%) - 411 remaining
[15:57:39] Progress: 26/437 (5%) - 411 remaining
[15:58:09] Progress: 26/437 (5%) - 411 remaining
[15:58:39] Progress: 26/437 (5%) - 411 remaining
[15:59:09] Progress: 26/437 (5%) - 411 remaining
[15:59:40] Progress: 26/437 (5%) - 411 remaining
[16:00:10] Progress: 26/437 (5%) - 411 remaining
[16:00:40] Progress: 26/437 (5%) - 411 remaining
[16:01:10] Progress: 26/437 (5%) - 411 remaining
[16:01:40] Progress: 26/437 (5%) - 411 remaining
[16:02:10] Progress: 26/437 (5%) - 411 remaining
[16:02:40] Progress: 26/437 (5%) - 411 remaining
[16:03:10] Progress: 26/437 (5%) - 411 remaining
[16:03:40] Progress: 26/437 (5%) - 411 remaining
[16:04:10] Progress: 26/437 (5%) - 411 remaining
[16:04:40] Progress: 26/437 (5%) - 411 remaining
[16:05:10] Progress: 26/437 (5%) - 411 remaining
[16:05:40] Progress: 26/437 (5%) - 411 remaining
[16:06:10] Progress: 26/437 (5%) - 411 remaining
[16:06:40] Progress: 26/437 (5%) - 411 remaining
[16:07:10] Progress: 26/437 (5%) - 411 remaining
[16:07:40] Progress: 26/437 (5%) - 411 remaining
[16:08:10] Progress: 26/437 (5%) - 411 remaining
[16:08:40] Progress: 26/437 (5%) - 411 remaining
[16:09:10] Progress: 26/437 (5%) - 411 remaining
[16:09:40] Progress: 26/437 (5%) - 411 remaining
[16:10:10] Progress: 26/437 (5%) - 411 remaining
[16:10:40] Progress: 26/437 (5%) - 411 remaining
[16:11:10] Progress: 26/437 (5%) - 411 remaining
[16:11:40] Progress: 26/437 (5%) - 411 remaining
[16:12:10] Progress: 26/437 (5%) - 411 remaining
[16:12:40] Progress: 26/437 (5%) - 411 remaining
[16:13:11] Progress: 26/437 (5%) - 411 remaining
[16:13:41] Progress: 26/437 (5%) - 411 remaining
[16:14:11] Progress: 26/437 (5%) - 411 remaining
[16:14:41] Progress: 26/437 (5%) - 411 remaining
[16:15:11] Progress: 26/437 (5%) - 411 remaining
[16:15:41] Progress: 26/437 (5%) - 411 remaining
[16:16:11] Progress: 26/437 (5%) - 411 remaining
[16:16:41] Progress: 26/437 (5%) - 411 remaining
[16:17:11] Progress: 26/437 (5%) - 411 remaining
[16:17:41] Progress: 26/437 (5%) - 411 remaining
[16:18:11] Progress: 26/437 (5%) - 411 remaining
[16:18:41] Progress: 26/437 (5%) - 411 remaining
[16:19:11] Progress: 26/437 (5%) - 411 remaining
[16:19:41] Progress: 26/437 (5%) - 411 remaining
[16:20:11] Progress: 26/437 (5%) - 411 remaining
[16:20:41] Progress: 26/437 (5%) - 411 remaining
[16:21:11] Progress: 26/437 (5%) - 411 remaining
[16:21:41] Progress: 26/437 (5%) - 411 remaining
[16:22:11] Progress: 26/437 (5%) - 411 remaining
[16:22:41] Progress: 26/437 (5%) - 411 remaining
[16:23:11] Progress: 26/437 (5%) - 411 remaining
[16:23:41] Progress: 26/437 (5%) - 411 remaining
[16:24:11] Progress: 26/437 (5%) - 411 remaining
[16:24:41] Progress: 26/437 (5%) - 411 remaining
[16:25:11] Progress: 26/437 (5%) - 411 remaining
[16:25:41] Progress: 26/437 (5%) - 411 remaining
[16:26:11] Progress: 26/437 (5%) - 411 remaining
[16:26:42] Progress: 26/437 (5%) - 411 remaining
[16:27:12] Progress: 26/437 (5%) - 411 remaining
[16:27:42] Progress: 26/437 (5%) - 411 remaining
[16:28:12] Progress: 26/437 (5%) - 411 remaining
[16:28:42] Progress: 26/437 (5%) - 411 remaining
[16:29:12] Progress: 26/437 (5%) - 411 remaining
[16:29:42] Progress: 26/437 (5%) - 411 remaining
[16:30:12] Progress: 26/437 (5%) - 411 remaining
[16:30:42] Progress: 26/437 (5%) - 411 remaining
[16:31:12] Progress: 26/437 (5%) - 411 remaining
[16:31:42] Progress: 26/437 (5%) - 411 remaining
[16:32:12] Progress: 26/437 (5%) - 411 remaining
[16:32:42] Progress: 26/437 (5%) - 411 remaining
[16:33:12] Progress: 26/437 (5%) - 411 remaining
[16:33:42] Progress: 26/437 (5%) - 411 remaining
[16:34:12] Progress: 26/437 (5%) - 411 remaining
[16:34:42] Progress: 26/437 (5%) - 411 remaining
[16:35:12] Progress: 26/437 (5%) - 411 remaining
[16:35:42] Progress: 26/437 (5%) - 411 remaining
[16:36:12] Progress: 26/437 (5%) - 411 remaining
[16:36:42] Progress: 26/437 (5%) - 411 remaining
[16:37:12] Progress: 26/437 (5%) - 411 remaining
[16:37:42] Progress: 26/437 (5%) - 411 remaining
[16:38:12] Progress: 26/437 (5%) - 411 remaining
[16:38:42] Progress: 26/437 (5%) - 411 remaining
[16:39:12] Progress: 26/437 (5%) - 411 remaining
[16:39:42] Progress: 26/437 (5%) - 411 remaining
[16:40:12] Progress: 26/437 (5%) - 411 remaining
[16:40:42] Progress: 26/437 (5%) - 411 remaining
[16:41:12] Progress: 26/437 (5%) - 411 remaining
[16:41:42] Progress: 26/437 (5%) - 411 remaining
[16:42:13] Progress: 26/437 (5%) - 411 remaining
[16:42:43] Progress: 26/437 (5%) - 411 remaining
[16:43:13] Progress: 26/437 (5%) - 411 remaining
[16:43:43] Progress: 26/437 (5%) - 411 remaining
[16:44:13] Progress: 26/437 (5%) - 411 remaining
[16:44:43] Progress: 26/437 (5%) - 411 remaining
[16:45:13] Progress: 26/437 (5%) - 411 remaining
[16:45:43] Progress: 26/437 (5%) - 411 remaining
[16:46:13] Progress: 26/437 (5%) - 411 remaining
[16:46:43] Progress: 26/437 (5%) - 411 remaining
[16:47:13] Progress: 26/437 (5%) - 411 remaining
[16:47:43] Progress: 26/437 (5%) - 411 remaining
[16:48:13] Progress: 26/437 (5%) - 411 remaining
[16:48:43] Progress: 26/437 (5%) - 411 remaining
[16:49:13] Progress: 26/437 (5%) - 411 remaining
[16:49:43] Progress: 26/437 (5%) - 411 remaining
[16:50:13] Progress: 26/437 (5%) - 411 remaining
[16:50:43] Progress: 26/437 (5%) - 411 remaining
[16:51:13] Progress: 26/437 (5%) - 411 remaining
[16:51:43] Progress: 26/437 (5%) - 411 remaining
[16:52:13] Progress: 26/437 (5%) - 411 remaining
[16:52:43] Progress: 26/437 (5%) - 411 remaining
[16:53:13] Progress: 26/437 (5%) - 411 remaining
[16:53:43] Progress: 26/437 (5%) - 411 remaining
[16:54:13] Progress: 26/437 (5%) - 411 remaining
[16:54:43] Progress: 26/437 (5%) - 411 remaining
[16:55:13] Progress: 26/437 (5%) - 411 remaining
